<?xml version="1.0" encoding="UTF-8"?>
<!-- Generated by org.testng.reporters.JUnitReportReporter -->
<testsuite skipped="0" name="AppTest" tests="2" failures="0" timestamp="2021-08-30T19:12:09 IST" time="5.121" errors="0">
  <testcase name="SampleTest" time="5.120" classname="AppTest"/>
  <system-out/>
  <testcase name="testcv" time="0.001" classname="AppTest"/>
  <system-out/>
</testsuite> <!-- AppTest -->
