<?xml version="1.0" encoding="UTF-8"?>
<!-- Generated by org.testng.reporters.JUnitReportReporter -->
<testsuite skipped="0" name="com.testng.AppTest" tests="2" failures="0" timestamp="2021-08-30T12:20:07 IST" time="0.004" errors="0">
  <testcase name="testcv" time="0.000" classname="com.testng.AppTest"/>
  <system-out/>
  <testcase name="SampleTest" time="0.004" classname="com.testng.AppTest"/>
  <system-out/>
</testsuite> <!-- com.testng.AppTest -->
